This is pdfTeX, Version 3.14159265-2.6-1.40.21 (MiKTeX 20.7) (preloaded format=pdflatex 2020.9.8)  22 NOV 2020 12:23
entering extended mode
**./Project1.tex
(Project1.tex
LaTeX2e <2020-02-02> patch level 5
L3 programming layer <2020-08-07>
("C:\Program Files\MiKTeX 2.9\tex/latex/base\article.cls"
Document Class: article 2019/12/20 v1.4l Standard LaTeX document class
("C:\Program Files\MiKTeX 2.9\tex/latex/base\size10.clo"
File: size10.clo 2019/12/20 v1.4l Standard LaTeX file (size option)
)
\c@part=\count168
\c@section=\count169
\c@subsection=\count170
\c@subsubsection=\count171
\c@paragraph=\count172
\c@subparagraph=\count173
\c@figure=\count174
\c@table=\count175
\abovecaptionskip=\skip47
\belowcaptionskip=\skip48
\bibindent=\dimen134
)
("C:\Program Files\MiKTeX 2.9\tex/latex/amsmath\amsmath.sty"
Package: amsmath 2020/01/20 v2.17e AMS math features
\@mathmargin=\skip49

For additional information on amsmath, use the `?' option.
("C:\Program Files\MiKTeX 2.9\tex/latex/amsmath\amstext.sty"
Package: amstext 2000/06/29 v2.01 AMS text

("C:\Program Files\MiKTeX 2.9\tex/latex/amsmath\amsgen.sty"
File: amsgen.sty 1999/11/30 v2.0 generic functions
\@emptytoks=\toks15
\ex@=\dimen135
))
("C:\Program Files\MiKTeX 2.9\tex/latex/amsmath\amsbsy.sty"
Package: amsbsy 1999/11/29 v1.2d Bold Symbols
\pmbraise@=\dimen136
)
("C:\Program Files\MiKTeX 2.9\tex/latex/amsmath\amsopn.sty"
Package: amsopn 2016/03/08 v2.02 operator names
)
\inf@bad=\count176
LaTeX Info: Redefining \frac on input line 227.
\uproot@=\count177
\leftroot@=\count178
LaTeX Info: Redefining \overline on input line 389.
\classnum@=\count179
\DOTSCASE@=\count180
LaTeX Info: Redefining \ldots on input line 486.
LaTeX Info: Redefining \dots on input line 489.
LaTeX Info: Redefining \cdots on input line 610.
\Mathstrutbox@=\box45
\strutbox@=\box46
\big@size=\dimen137
LaTeX Font Info:    Redeclaring font encoding OML on input line 733.
LaTeX Font Info:    Redeclaring font encoding OMS on input line 734.
\macc@depth=\count181
\c@MaxMatrixCols=\count182
\dotsspace@=\muskip16
\c@parentequation=\count183
\dspbrk@lvl=\count184
\tag@help=\toks16
\row@=\count185
\column@=\count186
\maxfields@=\count187
\andhelp@=\toks17
\eqnshift@=\dimen138
\alignsep@=\dimen139
\tagshift@=\dimen140
\tagwidth@=\dimen141
\totwidth@=\dimen142
\lineht@=\dimen143
\@envbody=\toks18
\multlinegap=\skip50
\multlinetaggap=\skip51
\mathdisplay@stack=\toks19
LaTeX Info: Redefining \[ on input line 2859.
LaTeX Info: Redefining \] on input line 2860.
)
("C:\Program Files\MiKTeX 2.9\tex/latex/amsfonts\amssymb.sty"
Package: amssymb 2013/01/14 v3.01 AMS font symbols

("C:\Program Files\MiKTeX 2.9\tex/latex/amsfonts\amsfonts.sty"
Package: amsfonts 2013/01/14 v3.01 Basic AMSFonts support
\symAMSa=\mathgroup4
\symAMSb=\mathgroup5
LaTeX Font Info:    Redeclaring math symbol \hbar on input line 98.
LaTeX Font Info:    Overwriting math alphabet `\mathfrak' in version `bold'
(Font)                  U/euf/m/n --> U/euf/b/n on input line 106.
))
("C:\Program Files\MiKTeX 2.9\tex/latex/graphics\graphicx.sty"
Package: graphicx 2019/11/30 v1.2a Enhanced LaTeX Graphics (DPC,SPQR)

("C:\Program Files\MiKTeX 2.9\tex/latex/graphics\keyval.sty"
Package: keyval 2014/10/28 v1.15 key=value parser (DPC)
\KV@toks@=\toks20
)
("C:\Program Files\MiKTeX 2.9\tex/latex/graphics\graphics.sty"
Package: graphics 2019/11/30 v1.4a Standard LaTeX Graphics (DPC,SPQR)

("C:\Program Files\MiKTeX 2.9\tex/latex/graphics\trig.sty"
Package: trig 2016/01/03 v1.10 sin cos tan (DPC)
)
("C:\Program Files\MiKTeX 2.9\tex/latex/graphics-cfg\graphics.cfg"
File: graphics.cfg 2016/06/04 v1.11 sample graphics configuration
)
Package graphics Info: Driver file: pdftex.def on input line 105.

("C:\Program Files\MiKTeX 2.9\tex/latex/graphics-def\pdftex.def"
File: pdftex.def 2018/01/08 v1.0l Graphics/color driver for pdftex
))
\Gin@req@height=\dimen144
\Gin@req@width=\dimen145
)
("C:\Program Files\MiKTeX 2.9\tex/latex/caption\subcaption.sty"
Package: subcaption 2020/01/22 v1.3d Sub-captions (AR)

("C:\Program Files\MiKTeX 2.9\tex/latex/caption\caption.sty"
Package: caption 2020/05/30 v3.4k Customizing captions (AR)

("C:\Program Files\MiKTeX 2.9\tex/latex/caption\caption3.sty"
Package: caption3 2020/07/20 v1.12b caption3 kernel (AR)
Package caption3 Info: TeX engine: e-TeX on input line 61.
\captionmargin=\dimen146
\captionmargin@=\dimen147
\captionwidth=\dimen148
\caption@tempdima=\dimen149
\caption@indent=\dimen150
\caption@parindent=\dimen151
\caption@hangindent=\dimen152
Package caption Info: Standard document class detected.
)
\c@caption@flags=\count188
\c@continuedfloat=\count189
)
\c@subfigure=\count190
\c@subtable=\count191
)
("C:\Program Files\MiKTeX 2.9\tex/latex/l3backend\l3backend-pdfmode.def"
File: l3backend-pdfmode.def 2020-08-07 L3 backend support: PDF mode
\l__kernel_color_stack_int=\count192
\l__pdf_internal_box=\box47
)
(Project1.aux)
\openout1 = `Project1.aux'.

LaTeX Font Info:    Checking defaults for OML/cmm/m/it on input line 11.
LaTeX Font Info:    ... okay on input line 11.
LaTeX Font Info:    Checking defaults for OMS/cmsy/m/n on input line 11.
LaTeX Font Info:    ... okay on input line 11.
LaTeX Font Info:    Checking defaults for OT1/cmr/m/n on input line 11.
LaTeX Font Info:    ... okay on input line 11.
LaTeX Font Info:    Checking defaults for T1/cmr/m/n on input line 11.
LaTeX Font Info:    ... okay on input line 11.
LaTeX Font Info:    Checking defaults for TS1/cmr/m/n on input line 11.
LaTeX Font Info:    ... okay on input line 11.
LaTeX Font Info:    Checking defaults for OMX/cmex/m/n on input line 11.
LaTeX Font Info:    ... okay on input line 11.
LaTeX Font Info:    Checking defaults for U/cmr/m/n on input line 11.
LaTeX Font Info:    ... okay on input line 11.
 ("C:\Program Files\MiKTeX 2.9\tex/context/base/mkii\supp-pdf.mkii"
[Loading MPS to PDF converter (version 2006.09.02).]
\scratchcounter=\count193
\scratchdimen=\dimen153
\scratchbox=\box48
\nofMPsegments=\count194
\nofMParguments=\count195
\everyMPshowfont=\toks21
\MPscratchCnt=\count196
\MPscratchDim=\dimen154
\MPnumerator=\count197
\makeMPintoPDFobject=\count198
\everyMPtoPDFconversion=\toks22
) ("C:\Program Files\MiKTeX 2.9\tex/latex/epstopdf-pkg\epstopdf-base.sty"
Package: epstopdf-base 2020-01-24 v2.11 Base part for package epstopdf
Package epstopdf-base Info: Redefining graphics rule for `.eps' on input line 4
85.
)
Package caption Info: Begin \AtBeginDocument code.
Package caption Info: End \AtBeginDocument code.
LaTeX Font Info:    Trying to load font information for U+msa on input line 12.


("C:\Program Files\MiKTeX 2.9\tex/latex/amsfonts\umsa.fd"
File: umsa.fd 2013/01/14 v3.01 AMS symbols A
)
LaTeX Font Info:    Trying to load font information for U+msb on input line 12.


("C:\Program Files\MiKTeX 2.9\tex/latex/amsfonts\umsb.fd"
File: umsb.fd 2013/01/14 v3.01 AMS symbols B
)

LaTeX Warning: No \author given.

<PendulumDiagram.png, id=1, 333.49594pt x 224.33812pt>
File: PendulumDiagram.png Graphic file (type png)
<use PendulumDiagram.png>
Package pdftex.def Info: PendulumDiagram.png  used on input line 21.
(pdftex.def)             Requested size: 172.5pt x 116.04033pt.
[1

{C:/Users/pawan/AppData/Local/MiKTeX/2.9/pdftex/config/pdftex.map} <./PendulumD
iagram.png>] [2]
<Case1Plot1SmallAngles.png, id=19, 421.575pt x 316.18124pt>
File: Case1Plot1SmallAngles.png Graphic file (type png)
<use Case1Plot1SmallAngles.png>
Package pdftex.def Info: Case1Plot1SmallAngles.png  used on input line 84.
(pdftex.def)             Requested size: 172.5pt x 129.37462pt.
<Case1Plot2Directrix.png, id=20, 421.575pt x 316.18124pt>
File: Case1Plot2Directrix.png Graphic file (type png)
<use Case1Plot2Directrix.png>
Package pdftex.def Info: Case1Plot2Directrix.png  used on input line 92.
(pdftex.def)             Requested size: 172.5pt x 129.37462pt.
 [3 <./Case1Plot1SmallAngles.png (PNG copy)> <./Case1Plot2Directrix.png (PNG co
py)>] [4] [5]
<./SmallOscillations/S1./F1.png, id=32, 421.575pt x 316.18124pt>
File: ./SmallOscillations/S1./F1.png Graphic file (type png)
<use ./SmallOscillations/S1./F1.png>
Package pdftex.def Info: ./SmallOscillations/S1./F1.png  used on input line 186
.
(pdftex.def)             Requested size: 165.59853pt x 124.19789pt.
<./SmallOscillations/S1./F2.png, id=33, 421.575pt x 316.18124pt>
File: ./SmallOscillations/S1./F2.png Graphic file (type png)
<use ./SmallOscillations/S1./F2.png>
Package pdftex.def Info: ./SmallOscillations/S1./F2.png  used on input line 189
.
(pdftex.def)             Requested size: 165.59853pt x 124.19789pt.
<./SmallOscillations/S1./F3.png, id=34, 421.575pt x 316.18124pt>
File: ./SmallOscillations/S1./F3.png Graphic file (type png)
<use ./SmallOscillations/S1./F3.png>
Package pdftex.def Info: ./SmallOscillations/S1./F3.png  used on input line 196
.
(pdftex.def)             Requested size: 165.59853pt x 124.19789pt.
<./SmallOscillations/S1./F4.png, id=35, 421.575pt x 316.18124pt>
File: ./SmallOscillations/S1./F4.png Graphic file (type png)
<use ./SmallOscillations/S1./F4.png>
Package pdftex.def Info: ./SmallOscillations/S1./F4.png  used on input line 199
.
(pdftex.def)             Requested size: 165.59853pt x 124.19789pt.
<./SmallOscillations/S1./F5.png, id=36, 421.575pt x 316.18124pt>
File: ./SmallOscillations/S1./F5.png Graphic file (type png)
<use ./SmallOscillations/S1./F5.png>
Package pdftex.def Info: ./SmallOscillations/S1./F5.png  used on input line 206
.
(pdftex.def)             Requested size: 165.59853pt x 124.19789pt.
<./SmallOscillations/S1./F6.png, id=37, 421.575pt x 316.18124pt>
File: ./SmallOscillations/S1./F6.png Graphic file (type png)
<use ./SmallOscillations/S1./F6.png>
Package pdftex.def Info: ./SmallOscillations/S1./F6.png  used on input line 209
.
(pdftex.def)             Requested size: 165.59853pt x 124.19789pt.
 [6 <./SmallOscillations/S1./F1.png (PNG copy)> <./SmallOscillations/S1./F2.png
 (PNG copy)> <./SmallOscillations/S1./F3.png (PNG copy)> <./SmallOscillations/S
1./F4.png (PNG copy)> <./SmallOscillations/S1./F5.png (PNG copy)> <./SmallOscil
lations/S1./F6.png (PNG copy)>]
<./SmallOscillations/S2/F1.png, id=41, 421.575pt x 316.18124pt>
File: ./SmallOscillations/S2/F1.png Graphic file (type png)
<use ./SmallOscillations/S2/F1.png>
Package pdftex.def Info: ./SmallOscillations/S2/F1.png  used on input line 220.

(pdftex.def)             Requested size: 165.59853pt x 124.19789pt.
<./SmallOscillations/S2/F2.png, id=42, 421.575pt x 316.18124pt>
File: ./SmallOscillations/S2/F2.png Graphic file (type png)
<use ./SmallOscillations/S2/F2.png>
Package pdftex.def Info: ./SmallOscillations/S2/F2.png  used on input line 223.

(pdftex.def)             Requested size: 165.59853pt x 124.19789pt.
<./SmallOscillations/S2/F3.png, id=43, 421.575pt x 316.18124pt>
File: ./SmallOscillations/S2/F3.png Graphic file (type png)
<use ./SmallOscillations/S2/F3.png>
Package pdftex.def Info: ./SmallOscillations/S2/F3.png  used on input line 230.

(pdftex.def)             Requested size: 165.59853pt x 124.19789pt.
<./SmallOscillations/S2/F4.png, id=44, 421.575pt x 316.18124pt>
File: ./SmallOscillations/S2/F4.png Graphic file (type png)
<use ./SmallOscillations/S2/F4.png>
Package pdftex.def Info: ./SmallOscillations/S2/F4.png  used on input line 233.

(pdftex.def)             Requested size: 165.59853pt x 124.19789pt.
<./SmallOscillations/S2/F5.png, id=45, 421.575pt x 316.18124pt>
File: ./SmallOscillations/S2/F5.png Graphic file (type png)
<use ./SmallOscillations/S2/F5.png>
Package pdftex.def Info: ./SmallOscillations/S2/F5.png  used on input line 240.

(pdftex.def)             Requested size: 165.59853pt x 124.19789pt.
<./SmallOscillations/S2/F6.png, id=46, 421.575pt x 316.18124pt>
File: ./SmallOscillations/S2/F6.png Graphic file (type png)
<use ./SmallOscillations/S2/F6.png>
Package pdftex.def Info: ./SmallOscillations/S2/F6.png  used on input line 243.

(pdftex.def)             Requested size: 165.59853pt x 124.19789pt.
 [7 <./SmallOscillations/S2/F1.png (PNG copy)> <./SmallOscillations/S2/F2.png (
PNG copy)> <./SmallOscillations/S2/F3.png (PNG copy)> <./SmallOscillations/S2/F
4.png (PNG copy)> <./SmallOscillations/S2/F5.png (PNG copy)> <./SmallOscillatio
ns/S2/F6.png (PNG copy)>]
<./SmallOscillations/S3/F1.png, id=51, 421.575pt x 316.0608pt>
File: ./SmallOscillations/S3/F1.png Graphic file (type png)
<use ./SmallOscillations/S3/F1.png>
Package pdftex.def Info: ./SmallOscillations/S3/F1.png  used on input line 255.

(pdftex.def)             Requested size: 165.59853pt x 124.15059pt.
<./SmallOscillations/S3/F2.png, id=52, 421.575pt x 316.0608pt>
File: ./SmallOscillations/S3/F2.png Graphic file (type png)
<use ./SmallOscillations/S3/F2.png>
Package pdftex.def Info: ./SmallOscillations/S3/F2.png  used on input line 258.

(pdftex.def)             Requested size: 165.59853pt x 124.15059pt.
<./SmallOscillations/S3/F3.png, id=53, 421.575pt x 316.0608pt>
File: ./SmallOscillations/S3/F3.png Graphic file (type png)
<use ./SmallOscillations/S3/F3.png>
Package pdftex.def Info: ./SmallOscillations/S3/F3.png  used on input line 264.

(pdftex.def)             Requested size: 165.59853pt x 124.15059pt.
<./SmallOscillations/S3/F4.png, id=54, 421.575pt x 316.0608pt>
File: ./SmallOscillations/S3/F4.png Graphic file (type png)
<use ./SmallOscillations/S3/F4.png>
Package pdftex.def Info: ./SmallOscillations/S3/F4.png  used on input line 267.

(pdftex.def)             Requested size: 165.59853pt x 124.15059pt.
<./SmallOscillations/S3/F5.png, id=55, 421.575pt x 316.0608pt>
File: ./SmallOscillations/S3/F5.png Graphic file (type png)
<use ./SmallOscillations/S3/F5.png>
Package pdftex.def Info: ./SmallOscillations/S3/F5.png  used on input line 273.

(pdftex.def)             Requested size: 165.59853pt x 124.15059pt.
<./SmallOscillations/S3/F6.png, id=56, 421.575pt x 316.0608pt>
File: ./SmallOscillations/S3/F6.png Graphic file (type png)
<use ./SmallOscillations/S3/F6.png>
Package pdftex.def Info: ./SmallOscillations/S3/F6.png  used on input line 276.

(pdftex.def)             Requested size: 165.59853pt x 124.15059pt.
 [8 <./SmallOscillations/S3/F1.png (PNG copy)> <./SmallOscillations/S3/F2.png (
PNG copy)> <./SmallOscillations/S3/F3.png (PNG copy)> <./SmallOscillations/S3/F
4.png (PNG copy)> <./SmallOscillations/S3/F5.png (PNG copy)> <./SmallOscillatio
ns/S3/F6.png (PNG copy)>]
<./SmallOscillations/S4/F1.png, id=60, 421.575pt x 316.0608pt>
File: ./SmallOscillations/S4/F1.png Graphic file (type png)
<use ./SmallOscillations/S4/F1.png>
Package pdftex.def Info: ./SmallOscillations/S4/F1.png  used on input line 287.

(pdftex.def)             Requested size: 165.59853pt x 124.15059pt.
<./SmallOscillations/S4/F2.png, id=61, 421.575pt x 316.0608pt>
File: ./SmallOscillations/S4/F2.png Graphic file (type png)
<use ./SmallOscillations/S4/F2.png>
Package pdftex.def Info: ./SmallOscillations/S4/F2.png  used on input line 290.

(pdftex.def)             Requested size: 165.59853pt x 124.15059pt.
<./SmallOscillations/S4/F3.png, id=62, 421.575pt x 316.0608pt>
File: ./SmallOscillations/S4/F3.png Graphic file (type png)
<use ./SmallOscillations/S4/F3.png>
Package pdftex.def Info: ./SmallOscillations/S4/F3.png  used on input line 296.

(pdftex.def)             Requested size: 165.59853pt x 124.15059pt.
<./SmallOscillations/S4/F4.png, id=63, 421.575pt x 316.0608pt>
File: ./SmallOscillations/S4/F4.png Graphic file (type png)
<use ./SmallOscillations/S4/F4.png>
Package pdftex.def Info: ./SmallOscillations/S4/F4.png  used on input line 299.

(pdftex.def)             Requested size: 165.59853pt x 124.15059pt.
<./SmallOscillations/S4/F5.png, id=64, 421.575pt x 316.0608pt>
File: ./SmallOscillations/S4/F5.png Graphic file (type png)
<use ./SmallOscillations/S4/F5.png>
Package pdftex.def Info: ./SmallOscillations/S4/F5.png  used on input line 305.

(pdftex.def)             Requested size: 165.59853pt x 124.15059pt.
<./SmallOscillations/S4/F6.png, id=65, 421.575pt x 316.0608pt>
File: ./SmallOscillations/S4/F6.png Graphic file (type png)
<use ./SmallOscillations/S4/F6.png>
Package pdftex.def Info: ./SmallOscillations/S4/F6.png  used on input line 308.

(pdftex.def)             Requested size: 165.59853pt x 124.15059pt.
 [9 <./SmallOscillations/S4/F1.png (PNG copy)> <./SmallOscillations/S4/F2.png (
PNG copy)> <./SmallOscillations/S4/F3.png (PNG copy)> <./SmallOscillations/S4/F
4.png (PNG copy)> <./SmallOscillations/S4/F5.png (PNG copy)> <./SmallOscillatio
ns/S4/F6.png (PNG copy)>]
<./SmallOscillations/S5/F1.png, id=69, 421.575pt x 316.0608pt>
File: ./SmallOscillations/S5/F1.png Graphic file (type png)
<use ./SmallOscillations/S5/F1.png>
Package pdftex.def Info: ./SmallOscillations/S5/F1.png  used on input line 318.

(pdftex.def)             Requested size: 165.59853pt x 124.15059pt.
<./SmallOscillations/S5/F2.png, id=70, 421.575pt x 316.0608pt>
File: ./SmallOscillations/S5/F2.png Graphic file (type png)
<use ./SmallOscillations/S5/F2.png>
Package pdftex.def Info: ./SmallOscillations/S5/F2.png  used on input line 321.

(pdftex.def)             Requested size: 165.59853pt x 124.15059pt.
<./SmallOscillations/S5/F3.png, id=71, 421.575pt x 316.0608pt>
File: ./SmallOscillations/S5/F3.png Graphic file (type png)
<use ./SmallOscillations/S5/F3.png>
Package pdftex.def Info: ./SmallOscillations/S5/F3.png  used on input line 327.

(pdftex.def)             Requested size: 165.59853pt x 124.15059pt.
<./SmallOscillations/S5/F4.png, id=72, 421.575pt x 316.0608pt>
File: ./SmallOscillations/S5/F4.png Graphic file (type png)
<use ./SmallOscillations/S5/F4.png>
Package pdftex.def Info: ./SmallOscillations/S5/F4.png  used on input line 330.

(pdftex.def)             Requested size: 165.59853pt x 124.15059pt.
<./SmallOscillations/S5/F5.png, id=73, 421.575pt x 316.0608pt>
File: ./SmallOscillations/S5/F5.png Graphic file (type png)
<use ./SmallOscillations/S5/F5.png>
Package pdftex.def Info: ./SmallOscillations/S5/F5.png  used on input line 336.

(pdftex.def)             Requested size: 165.59853pt x 124.15059pt.
<./SmallOscillations/S5/F6.png, id=74, 421.575pt x 316.0608pt>
File: ./SmallOscillations/S5/F6.png Graphic file (type png)
<use ./SmallOscillations/S5/F6.png>
Package pdftex.def Info: ./SmallOscillations/S5/F6.png  used on input line 339.

(pdftex.def)             Requested size: 165.59853pt x 124.15059pt.
 [10 <./SmallOscillations/S5/F1.png (PNG copy)> <./SmallOscillations/S5/F2.png 
(PNG copy)> <./SmallOscillations/S5/F3.png (PNG copy)> <./SmallOscillations/S5/
F4.png (PNG copy)> <./SmallOscillations/S5/F5.png (PNG copy)> <./SmallOscillati
ons/S5/F6.png (PNG copy)>]
<./SmallOscillations/S6/F1.png, id=78, 421.575pt x 316.0608pt>
File: ./SmallOscillations/S6/F1.png Graphic file (type png)
<use ./SmallOscillations/S6/F1.png>
Package pdftex.def Info: ./SmallOscillations/S6/F1.png  used on input line 349.

(pdftex.def)             Requested size: 165.59853pt x 124.15059pt.
<./SmallOscillations/S6/F2.png, id=79, 421.575pt x 316.0608pt>
File: ./SmallOscillations/S6/F2.png Graphic file (type png)
<use ./SmallOscillations/S6/F2.png>
Package pdftex.def Info: ./SmallOscillations/S6/F2.png  used on input line 352.

(pdftex.def)             Requested size: 165.59853pt x 124.15059pt.
<./SmallOscillations/S6/F3.png, id=80, 421.575pt x 316.0608pt>
File: ./SmallOscillations/S6/F3.png Graphic file (type png)
<use ./SmallOscillations/S6/F3.png>
Package pdftex.def Info: ./SmallOscillations/S6/F3.png  used on input line 358.

(pdftex.def)             Requested size: 165.59853pt x 124.15059pt.
<./SmallOscillations/S6/F4.png, id=81, 421.575pt x 316.0608pt>
File: ./SmallOscillations/S6/F4.png Graphic file (type png)
<use ./SmallOscillations/S6/F4.png>
Package pdftex.def Info: ./SmallOscillations/S6/F4.png  used on input line 361.

(pdftex.def)             Requested size: 165.59853pt x 124.15059pt.
<./SmallOscillations/S6/F5.png, id=82, 421.575pt x 316.0608pt>
File: ./SmallOscillations/S6/F5.png Graphic file (type png)
<use ./SmallOscillations/S6/F5.png>
Package pdftex.def Info: ./SmallOscillations/S6/F5.png  used on input line 367.

(pdftex.def)             Requested size: 165.59853pt x 124.15059pt.
<./SmallOscillations/S6/F6.png, id=83, 421.575pt x 316.0608pt>
File: ./SmallOscillations/S6/F6.png Graphic file (type png)
<use ./SmallOscillations/S6/F6.png>
Package pdftex.def Info: ./SmallOscillations/S6/F6.png  used on input line 370.

(pdftex.def)             Requested size: 165.59853pt x 124.15059pt.
 [11 <./SmallOscillations/S6/F1.png (PNG copy)> <./SmallOscillations/S6/F2.png 
(PNG copy)> <./SmallOscillations/S6/F3.png (PNG copy)> <./SmallOscillations/S6/
F4.png (PNG copy)> <./SmallOscillations/S6/F5.png (PNG copy)> <./SmallOscillati
ons/S6/F6.png (PNG copy)>]
<./SmallOscillations/S7/F1.png, id=87, 421.575pt x 316.0608pt>
File: ./SmallOscillations/S7/F1.png Graphic file (type png)
<use ./SmallOscillations/S7/F1.png>
Package pdftex.def Info: ./SmallOscillations/S7/F1.png  used on input line 380.

(pdftex.def)             Requested size: 165.59853pt x 124.15059pt.
<./SmallOscillations/S7/F2.png, id=88, 421.575pt x 316.0608pt>
File: ./SmallOscillations/S7/F2.png Graphic file (type png)
<use ./SmallOscillations/S7/F2.png>
Package pdftex.def Info: ./SmallOscillations/S7/F2.png  used on input line 383.

(pdftex.def)             Requested size: 165.59853pt x 124.15059pt.
<./SmallOscillations/S7/F3.png, id=89, 421.575pt x 316.0608pt>
File: ./SmallOscillations/S7/F3.png Graphic file (type png)
<use ./SmallOscillations/S7/F3.png>
Package pdftex.def Info: ./SmallOscillations/S7/F3.png  used on input line 389.

(pdftex.def)             Requested size: 165.59853pt x 124.15059pt.
<./SmallOscillations/S7/F4.png, id=90, 421.575pt x 316.0608pt>
File: ./SmallOscillations/S7/F4.png Graphic file (type png)
<use ./SmallOscillations/S7/F4.png>
Package pdftex.def Info: ./SmallOscillations/S7/F4.png  used on input line 392.

(pdftex.def)             Requested size: 165.59853pt x 124.15059pt.
<./SmallOscillations/S7/F5.png, id=91, 421.575pt x 316.0608pt>
File: ./SmallOscillations/S7/F5.png Graphic file (type png)
<use ./SmallOscillations/S7/F5.png>
Package pdftex.def Info: ./SmallOscillations/S7/F5.png  used on input line 398.

(pdftex.def)             Requested size: 165.59853pt x 124.15059pt.
<./SmallOscillations/S7/F6.png, id=92, 421.575pt x 316.0608pt>
File: ./SmallOscillations/S7/F6.png Graphic file (type png)
<use ./SmallOscillations/S7/F6.png>
Package pdftex.def Info: ./SmallOscillations/S7/F6.png  used on input line 401.

(pdftex.def)             Requested size: 165.59853pt x 124.15059pt.
 [12 <./SmallOscillations/S7/F1.png (PNG copy)> <./SmallOscillations/S7/F2.png 
(PNG copy)> <./SmallOscillations/S7/F3.png (PNG copy)> <./SmallOscillations/S7/
F4.png (PNG copy)> <./SmallOscillations/S7/F5.png (PNG copy)> <./SmallOscillati
ons/S7/F6.png (PNG copy)>]
<./SmallOscillations/S8/F1.png, id=96, 421.575pt x 316.0608pt>
File: ./SmallOscillations/S8/F1.png Graphic file (type png)
<use ./SmallOscillations/S8/F1.png>
Package pdftex.def Info: ./SmallOscillations/S8/F1.png  used on input line 410.

(pdftex.def)             Requested size: 165.59853pt x 124.15059pt.
<./SmallOscillations/S8/F2.png, id=97, 421.575pt x 316.0608pt>
File: ./SmallOscillations/S8/F2.png Graphic file (type png)
<use ./SmallOscillations/S8/F2.png>
Package pdftex.def Info: ./SmallOscillations/S8/F2.png  used on input line 413.

(pdftex.def)             Requested size: 165.59853pt x 124.15059pt.
<./SmallOscillations/S8/F3.png, id=98, 421.575pt x 316.0608pt>
File: ./SmallOscillations/S8/F3.png Graphic file (type png)
<use ./SmallOscillations/S8/F3.png>
Package pdftex.def Info: ./SmallOscillations/S8/F3.png  used on input line 419.

(pdftex.def)             Requested size: 165.59853pt x 124.15059pt.
<./SmallOscillations/S8/F4.png, id=99, 421.575pt x 316.0608pt>
File: ./SmallOscillations/S8/F4.png Graphic file (type png)
<use ./SmallOscillations/S8/F4.png>
Package pdftex.def Info: ./SmallOscillations/S8/F4.png  used on input line 422.

(pdftex.def)             Requested size: 165.59853pt x 124.15059pt.
<./SmallOscillations/S8/F5.png, id=100, 421.575pt x 316.0608pt>
File: ./SmallOscillations/S8/F5.png Graphic file (type png)
<use ./SmallOscillations/S8/F5.png>
Package pdftex.def Info: ./SmallOscillations/S8/F5.png  used on input line 428.

(pdftex.def)             Requested size: 165.59853pt x 124.15059pt.
<./SmallOscillations/S8/F6.png, id=101, 421.575pt x 316.0608pt>
File: ./SmallOscillations/S8/F6.png Graphic file (type png)
<use ./SmallOscillations/S8/F6.png>
Package pdftex.def Info: ./SmallOscillations/S8/F6.png  used on input line 431.

(pdftex.def)             Requested size: 165.59853pt x 124.15059pt.
 [13 <./SmallOscillations/S8/F1.png (PNG copy)> <./SmallOscillations/S8/F2.png 
(PNG copy)> <./SmallOscillations/S8/F3.png (PNG copy)> <./SmallOscillations/S8/
F4.png (PNG copy)> <./SmallOscillations/S8/F5.png (PNG copy)> <./SmallOscillati
ons/S8/F6.png (PNG copy)>]
<./SmallOscillations/S9/F1.png, id=106, 421.575pt x 316.0608pt>
File: ./SmallOscillations/S9/F1.png Graphic file (type png)
<use ./SmallOscillations/S9/F1.png>
Package pdftex.def Info: ./SmallOscillations/S9/F1.png  used on input line 441.

(pdftex.def)             Requested size: 165.59853pt x 124.15059pt.
<./SmallOscillations/S9/F2.png, id=107, 421.575pt x 316.0608pt>
File: ./SmallOscillations/S9/F2.png Graphic file (type png)
<use ./SmallOscillations/S9/F2.png>
Package pdftex.def Info: ./SmallOscillations/S9/F2.png  used on input line 444.

(pdftex.def)             Requested size: 165.59853pt x 124.15059pt.
<./SmallOscillations/S9/F3.png, id=108, 421.575pt x 316.0608pt>
File: ./SmallOscillations/S9/F3.png Graphic file (type png)
<use ./SmallOscillations/S9/F3.png>
Package pdftex.def Info: ./SmallOscillations/S9/F3.png  used on input line 450.

(pdftex.def)             Requested size: 165.59853pt x 124.15059pt.
<./SmallOscillations/S9/F4.png, id=109, 421.575pt x 316.0608pt>
File: ./SmallOscillations/S9/F4.png Graphic file (type png)
<use ./SmallOscillations/S9/F4.png>
Package pdftex.def Info: ./SmallOscillations/S9/F4.png  used on input line 453.

(pdftex.def)             Requested size: 165.59853pt x 124.15059pt.
<./SmallOscillations/S9/F5.png, id=110, 421.575pt x 316.0608pt>
File: ./SmallOscillations/S9/F5.png Graphic file (type png)
<use ./SmallOscillations/S9/F5.png>
Package pdftex.def Info: ./SmallOscillations/S9/F5.png  used on input line 459.

(pdftex.def)             Requested size: 165.59853pt x 124.15059pt.
<./SmallOscillations/S9/F6.png, id=111, 421.575pt x 316.0608pt>
File: ./SmallOscillations/S9/F6.png Graphic file (type png)
<use ./SmallOscillations/S9/F6.png>
Package pdftex.def Info: ./SmallOscillations/S9/F6.png  used on input line 462.

(pdftex.def)             Requested size: 165.59853pt x 124.15059pt.
 [14 <./SmallOscillations/S9/F1.png (PNG copy)> <./SmallOscillations/S9/F2.png 
(PNG copy)> <./SmallOscillations/S9/F3.png (PNG copy)> <./SmallOscillations/S9/
F4.png (PNG copy)> <./SmallOscillations/S9/F5.png (PNG copy)> <./SmallOscillati
ons/S9/F6.png (PNG copy)>]
<./SmallOscillations/S10/F1.png, id=115, 421.575pt x 316.0608pt>
File: ./SmallOscillations/S10/F1.png Graphic file (type png)
<use ./SmallOscillations/S10/F1.png>
Package pdftex.def Info: ./SmallOscillations/S10/F1.png  used on input line 472
.
(pdftex.def)             Requested size: 165.59853pt x 124.15059pt.
<./SmallOscillations/S10/F2.png, id=116, 421.575pt x 316.0608pt>
File: ./SmallOscillations/S10/F2.png Graphic file (type png)
<use ./SmallOscillations/S10/F2.png>
Package pdftex.def Info: ./SmallOscillations/S10/F2.png  used on input line 475
.
(pdftex.def)             Requested size: 165.59853pt x 124.15059pt.
<./SmallOscillations/S10/F3.png, id=117, 421.575pt x 316.0608pt>
File: ./SmallOscillations/S10/F3.png Graphic file (type png)
<use ./SmallOscillations/S10/F3.png>
Package pdftex.def Info: ./SmallOscillations/S10/F3.png  used on input line 481
.
(pdftex.def)             Requested size: 165.59853pt x 124.15059pt.
<./SmallOscillations/S10/F4.png, id=118, 421.575pt x 316.0608pt>
File: ./SmallOscillations/S10/F4.png Graphic file (type png)
<use ./SmallOscillations/S10/F4.png>
Package pdftex.def Info: ./SmallOscillations/S10/F4.png  used on input line 484
.
(pdftex.def)             Requested size: 165.59853pt x 124.15059pt.
<./SmallOscillations/S10/F5.png, id=119, 421.575pt x 316.0608pt>
File: ./SmallOscillations/S10/F5.png Graphic file (type png)
<use ./SmallOscillations/S10/F5.png>
Package pdftex.def Info: ./SmallOscillations/S10/F5.png  used on input line 490
.
(pdftex.def)             Requested size: 165.59853pt x 124.15059pt.
<./SmallOscillations/S10/F6.png, id=120, 421.575pt x 316.0608pt>
File: ./SmallOscillations/S10/F6.png Graphic file (type png)
<use ./SmallOscillations/S10/F6.png>
Package pdftex.def Info: ./SmallOscillations/S10/F6.png  used on input line 493
.
(pdftex.def)             Requested size: 165.59853pt x 124.15059pt.
 [15 <./SmallOscillations/S10/F1.png (PNG copy)> <./SmallOscillations/S10/F2.pn
g (PNG copy)> <./SmallOscillations/S10/F3.png (PNG copy)> <./SmallOscillations/
S10/F4.png (PNG copy)> <./SmallOscillations/S10/F5.png (PNG copy)> <./SmallOsci
llations/S10/F6.png (PNG copy)>]
<./SmallOscillations/S11/F1.png, id=124, 421.575pt x 316.0608pt>
File: ./SmallOscillations/S11/F1.png Graphic file (type png)
<use ./SmallOscillations/S11/F1.png>
Package pdftex.def Info: ./SmallOscillations/S11/F1.png  used on input line 503
.
(pdftex.def)             Requested size: 165.59853pt x 124.15059pt.
<./SmallOscillations/S11/F2.png, id=125, 421.575pt x 316.0608pt>
File: ./SmallOscillations/S11/F2.png Graphic file (type png)
<use ./SmallOscillations/S11/F2.png>
Package pdftex.def Info: ./SmallOscillations/S11/F2.png  used on input line 506
.
(pdftex.def)             Requested size: 165.59853pt x 124.15059pt.
<./SmallOscillations/S11/F3.png, id=126, 421.575pt x 316.0608pt>
File: ./SmallOscillations/S11/F3.png Graphic file (type png)
<use ./SmallOscillations/S11/F3.png>
Package pdftex.def Info: ./SmallOscillations/S11/F3.png  used on input line 512
.
(pdftex.def)             Requested size: 165.59853pt x 124.15059pt.
<./SmallOscillations/S11/F4.png, id=127, 421.575pt x 316.0608pt>
File: ./SmallOscillations/S11/F4.png Graphic file (type png)
<use ./SmallOscillations/S11/F4.png>
Package pdftex.def Info: ./SmallOscillations/S11/F4.png  used on input line 515
.
(pdftex.def)             Requested size: 165.59853pt x 124.15059pt.
<./SmallOscillations/S11/F5.png, id=128, 421.575pt x 316.0608pt>
File: ./SmallOscillations/S11/F5.png Graphic file (type png)
<use ./SmallOscillations/S11/F5.png>
Package pdftex.def Info: ./SmallOscillations/S11/F5.png  used on input line 521
.
(pdftex.def)             Requested size: 165.59853pt x 124.15059pt.
<./SmallOscillations/S11/F6.png, id=129, 421.575pt x 316.0608pt>
File: ./SmallOscillations/S11/F6.png Graphic file (type png)
<use ./SmallOscillations/S11/F6.png>
Package pdftex.def Info: ./SmallOscillations/S11/F6.png  used on input line 524
.
(pdftex.def)             Requested size: 165.59853pt x 124.15059pt.
 [16 <./SmallOscillations/S11/F1.png (PNG copy)> <./SmallOscillations/S11/F2.pn
g (PNG copy)> <./SmallOscillations/S11/F3.png (PNG copy)> <./SmallOscillations/
S11/F4.png (PNG copy)> <./SmallOscillations/S11/F5.png (PNG copy)> <./SmallOsci
llations/S11/F6.png (PNG copy)>]
<./SmallOscillations/S12/F1.png, id=133, 421.575pt x 316.0608pt>
File: ./SmallOscillations/S12/F1.png Graphic file (type png)
<use ./SmallOscillations/S12/F1.png>
Package pdftex.def Info: ./SmallOscillations/S12/F1.png  used on input line 534
.
(pdftex.def)             Requested size: 165.59853pt x 124.15059pt.
<./SmallOscillations/S12/F2.png, id=134, 421.575pt x 316.0608pt>
File: ./SmallOscillations/S12/F2.png Graphic file (type png)
<use ./SmallOscillations/S12/F2.png>
Package pdftex.def Info: ./SmallOscillations/S12/F2.png  used on input line 537
.
(pdftex.def)             Requested size: 165.59853pt x 124.15059pt.
<./SmallOscillations/S12/F3.png, id=135, 421.575pt x 316.0608pt>
File: ./SmallOscillations/S12/F3.png Graphic file (type png)
<use ./SmallOscillations/S12/F3.png>
Package pdftex.def Info: ./SmallOscillations/S12/F3.png  used on input line 543
.
(pdftex.def)             Requested size: 165.59853pt x 124.15059pt.
<./SmallOscillations/S12/F4.png, id=136, 421.575pt x 316.0608pt>
File: ./SmallOscillations/S12/F4.png Graphic file (type png)
<use ./SmallOscillations/S12/F4.png>
Package pdftex.def Info: ./SmallOscillations/S12/F4.png  used on input line 546
.
(pdftex.def)             Requested size: 165.59853pt x 124.15059pt.
<./SmallOscillations/S12/F5.png, id=137, 421.575pt x 316.0608pt>
File: ./SmallOscillations/S12/F5.png Graphic file (type png)
<use ./SmallOscillations/S12/F5.png>
Package pdftex.def Info: ./SmallOscillations/S12/F5.png  used on input line 552
.
(pdftex.def)             Requested size: 165.59853pt x 124.15059pt.
<./SmallOscillations/S12/F6.png, id=138, 421.575pt x 316.0608pt>
File: ./SmallOscillations/S12/F6.png Graphic file (type png)
<use ./SmallOscillations/S12/F6.png>
Package pdftex.def Info: ./SmallOscillations/S12/F6.png  used on input line 555
.
(pdftex.def)             Requested size: 165.59853pt x 124.15059pt.
 [17 <./SmallOscillations/S12/F1.png (PNG copy)> <./SmallOscillations/S12/F2.pn
g (PNG copy)> <./SmallOscillations/S12/F3.png (PNG copy)> <./SmallOscillations/
S12/F4.png (PNG copy)> <./SmallOscillations/S12/F5.png (PNG copy)> <./SmallOsci
llations/S12/F6.png (PNG copy)>]
<./SmallOscillations/Chaotic/F1.png, id=142, 421.575pt x 316.0608pt>
File: ./SmallOscillations/Chaotic/F1.png Graphic file (type png)
<use ./SmallOscillations/Chaotic/F1.png>
Package pdftex.def Info: ./SmallOscillations/Chaotic/F1.png  used on input line
 564.
(pdftex.def)             Requested size: 165.59853pt x 124.15059pt.
<./SmallOscillations/Chaotic/F2.png, id=143, 421.575pt x 316.0608pt>
File: ./SmallOscillations/Chaotic/F2.png Graphic file (type png)
<use ./SmallOscillations/Chaotic/F2.png>
Package pdftex.def Info: ./SmallOscillations/Chaotic/F2.png  used on input line
 567.
(pdftex.def)             Requested size: 165.59853pt x 124.15059pt.
<./SmallOscillations/Chaotic/F3.png, id=144, 421.575pt x 316.0608pt>
File: ./SmallOscillations/Chaotic/F3.png Graphic file (type png)
<use ./SmallOscillations/Chaotic/F3.png>
Package pdftex.def Info: ./SmallOscillations/Chaotic/F3.png  used on input line
 573.
(pdftex.def)             Requested size: 165.59853pt x 124.15059pt.
<./SmallOscillations/Chaotic/F4.png, id=145, 421.575pt x 316.0608pt>
File: ./SmallOscillations/Chaotic/F4.png Graphic file (type png)
<use ./SmallOscillations/Chaotic/F4.png>
Package pdftex.def Info: ./SmallOscillations/Chaotic/F4.png  used on input line
 576.
(pdftex.def)             Requested size: 165.59853pt x 124.15059pt.
<./SmallOscillations/Chaotic/F5.png, id=146, 421.575pt x 316.0608pt>
File: ./SmallOscillations/Chaotic/F5.png Graphic file (type png)
<use ./SmallOscillations/Chaotic/F5.png>
Package pdftex.def Info: ./SmallOscillations/Chaotic/F5.png  used on input line
 582.
(pdftex.def)             Requested size: 165.59853pt x 124.15059pt.
<./SmallOscillations/Chaotic/F6.png, id=147, 421.575pt x 316.0608pt>
File: ./SmallOscillations/Chaotic/F6.png Graphic file (type png)
<use ./SmallOscillations/Chaotic/F6.png>
Package pdftex.def Info: ./SmallOscillations/Chaotic/F6.png  used on input line
 585.
(pdftex.def)             Requested size: 165.59853pt x 124.15059pt.
 [18 <./SmallOscillations/Chaotic/F1.png (PNG copy)> <./SmallOscillations/Chaot
ic/F2.png (PNG copy)> <./SmallOscillations/Chaotic/F3.png (PNG copy)> <./SmallO
scillations/Chaotic/F4.png (PNG copy)> <./SmallOscillations/Chaotic/F5.png (PNG
 copy)> <./SmallOscillations/Chaotic/F6.png (PNG copy)>] [19] (Project1.aux) ) 
Here is how much of TeX's memory you used:
 3946 strings out of 481174
 65983 string characters out of 2912419
 292756 words of memory out of 3000000
 19525 multiletter control sequences out of 15000+200000
 542978 words of font info for 60 fonts, out of 3000000 for 9000
 1141 hyphenation exceptions out of 8191
 45i,8n,47p,810b,388s stack positions out of 5000i,500n,10000p,200000b,50000s
{
C:/Program Files/MiKTeX 2.9/fonts/enc/dvips/cm-super/cm-super-ts1.enc}<C:/Progr
am Files/MiKTeX 2.9/fonts/type1/public/amsfonts/cm/cmbx12.pfb><C:/Program Files
/MiKTeX 2.9/fonts/type1/public/amsfonts/cm/cmex10.pfb><C:/Program Files/MiKTeX 
2.9/fonts/type1/public/amsfonts/cm/cmmi10.pfb><C:/Program Files/MiKTeX 2.9/font
s/type1/public/amsfonts/cm/cmr10.pfb><C:/Program Files/MiKTeX 2.9/fonts/type1/p
ublic/amsfonts/cm/cmr12.pfb><C:/Program Files/MiKTeX 2.9/fonts/type1/public/ams
fonts/cm/cmr17.pfb><C:/Program Files/MiKTeX 2.9/fonts/type1/public/amsfonts/cm/
cmr7.pfb><C:/Program Files/MiKTeX 2.9/fonts/type1/public/amsfonts/cm/cmsy10.pfb
><C:/Program Files/MiKTeX 2.9/fonts/type1/public/amsfonts/symbols/msam10.pfb><C
:/Program Files/MiKTeX 2.9/fonts/type1/public/amsfonts/symbols/msbm10.pfb><C:/P
rogram Files/MiKTeX 2.9/fonts/type1/public/cm-super/sfrm1000.pfb>
Output written on Project1.pdf (19 pages, 7689258 bytes).
PDF statistics:
 192 PDF objects out of 1000 (max. 8388607)
 0 named destinations out of 1000 (max. 500000)
 406 words of extra memory for PDF output out of 10000 (max. 10000000)

